<?xml version="1.0" encoding="UTF-8"?>
<!-- Generated by org.testng.reporters.JUnitXMLReporter -->
<testsuite ignored="5" hostname="DESKTOP-GRAD2N1" failures="0" tests="3" name="Test" time="10.472" errors="0" timestamp="2023-12-11T19:29:14 IST">
  <testcase classname="testng.Testng_8_Groups" name="facebook" time="2.151"/>
  <testcase classname="testng.Testng_8_Groups" name="google" time="2.798"/>
  <testcase classname="testng.Testng_8_Groups" name="twitter" time="2.37"/>
  <testcase classname="testng.Testng_8_Groups" name="selenium" time="0.0">
    <ignored/>
  </testcase> <!-- selenium -->
  <testcase classname="testng.Testng_8_Groups" name="zomato" time="0.0">
    <ignored/>
  </testcase> <!-- zomato -->
  <testcase classname="testng.Testng_8_Groups" name="gmail" time="0.0">
    <ignored/>
  </testcase> <!-- gmail -->
  <testcase classname="testng.Testng_8_Groups" name="swiggy" time="0.0">
    <ignored/>
  </testcase> <!-- swiggy -->
  <testcase classname="testng.Testng_8_Groups" name="redmine" time="0.0">
    <ignored/>
  </testcase> <!-- redmine -->
</testsuite> <!-- Test -->
