<?xml version="1.0" encoding="UTF-8"?>
<testng-results ignored="0" total="1" passed="1" failed="0" skipped="0">
  <reporter-output>
  </reporter-output>
  <suite started-at="2023-12-29T16:25:39 IST" name="Default suite" finished-at="2023-12-29T16:25:49 IST" duration-ms="9644">
    <groups>
    </groups>
    <test started-at="2023-12-29T16:25:39 IST" name="Default test" finished-at="2023-12-29T16:25:49 IST" duration-ms="9644">
      <class name="log4jtutorial.Log4j">
        <test-method signature="googlesearch()[pri:0, instance:log4jtutorial.Log4j@4d0f2471]" started-at="2023-12-29T16:25:39 IST" name="googlesearch" finished-at="2023-12-29T16:25:49 IST" duration-ms="9594" status="PASS">
          <reporter-output>
          </reporter-output>
        </test-method> <!-- googlesearch -->
      </class> <!-- log4jtutorial.Log4j -->
    </test> <!-- Default test -->
  </suite> <!-- Default suite -->
</testng-results>
